<?xml version="1.0" encoding="UTF-8"?>
<Site BuildName="Linux-g++-9"
	BuildStamp="20200908-1712-Experimental"
	Name="PCgoupUbuntu1"
	Generator="ctest-3.16.3"
	CompilerName="/bin/g++-9"
	CompilerVersion="9.3.0"
	OSName="Linux"
	Hostname="PCgoupUbuntu1"
	OSRelease="5.4.0-45-generic"
	OSVersion="#49-Ubuntu SMP Wed Aug 26 13:38:52 UTC 2020"
	OSPlatform="x86_64"
	Is64Bits="1"
	VendorString="GenuineIntel"
	VendorID="Intel Corporation"
	FamilyID="6"
	ModelID="142"
	ProcessorCacheSize="3072"
	NumberOfLogicalCPU="4"
	NumberOfPhysicalCPU="2"
	TotalVirtualMemory="15623"
	TotalPhysicalMemory="11862"
	LogicalProcessorsPerPhysical="2"
	ProcessorClockFrequency="3100"
	>
	<Testing>
		<StartDateTime>Sep 09 01:13 CST</StartDateTime>
		<StartTestTime>1599585215</StartTestTime>
		<TestList/>
		<EndDateTime>Sep 09 01:13 CST</EndDateTime>
		<EndTestTime>1599585215</EndTestTime>
		<ElapsedMinutes>0</ElapsedMinutes>
	</Testing>
</Site>
